2026-03-10 03:26:06 [DEBUG]: Navigated to next carousel slide
2026-03-10 03:26:06 [DEBUG]: Navigated to next carousel slide
2026-03-10 03:26:07 [INFO]: Clicked Shop Now link
2026-03-10 03:26:57 [INFO]: Clicked View All Cat Products link
2026-03-10 03:27:02 [INFO]: Clicked View All Dog Products link
2026-03-10 03:28:18 [DEBUG]: Filled login credentials
2026-03-10 03:28:18 [INFO]: Login attempt completed
2026-03-10 03:28:45 [INFO]: Navigated to Sign Up page from Sign In
2026-03-10 03:29:20 [INFO]: Navigated to Forgot Password page
2026-03-10 03:29:41 [DEBUG]: Filled login credentials
2026-03-10 03:29:41 [INFO]: Login attempt completed
2026-03-10 03:33:21 [INFO]: Clicked View All Dog Products link
2026-03-10 03:33:32 [INFO]: Navigated to Forgot Password page
2026-03-10 03:33:32 [DEBUG]: Filled login credentials
2026-03-10 03:33:32 [DEBUG]: Filled login credentials
2026-03-10 03:33:32 [DEBUG]: Filled login credentials
2026-03-10 03:33:32 [DEBUG]: Filled login credentials
2026-03-10 03:33:32 [INFO]: Login attempt completed
2026-03-10 03:33:59 [INFO]: Increased quantity 1 time(s)
2026-03-10 03:33:59 [INFO]: Related product count: 4
2026-03-10 03:33:59 [INFO]: Switched to Nutritional Details tab
2026-03-10 03:34:00 [INFO]: Switched to Reviews tab
2026-03-10 03:34:00 [INFO]: Clicked related product: Wet Cat Food Variety Pack
2026-03-10 03:34:04 [INFO]: Navigated back to shop
